#
# A fatal error has been detected by the Java Runtime Environment:
#
#  EXCEPTION_ACCESS_VIOLATION (0xc0000005) at pc=0x00007ffede5a1d81, pid=8920, tid=11300
#
# JRE version: Java(TM) SE Runtime Environment (11.0.1+13) (build 11.0.1+13-LTS)
# Java VM: Java HotSpot(TM) 64-Bit Server VM (11.0.1+13-LTS, mixed mode, tiered, compressed oops, g1 gc, windows-amd64)
# Problematic frame:
# V  [jvm.dll+0x1a1d81]
#
# No core dump will be written. Minidumps are not enabled by default on client versions of Windows
#
# If you would like to submit a bug report, please visit:
#   http://bugreport.java.com/bugreport/crash.jsp
#

---------------  S U M M A R Y ------------

Command Line: -XX:TieredStopAtLevel=1 -Xverify:none -Dspring.output.ansi.enabled=always -Dcom.sun.management.jmxremote -Dcom.sun.management.jmxremote.port=49561 -Dcom.sun.management.jmxremote.authenticate=false -Dcom.sun.management.jmxremote.ssl=false -Djava.rmi.server.hostname=localhost -Dspring.liveBeansView.mbeanDomain -Dspring.application.admin.enabled=true -javaagent:G:\IntelliJ IDEA 2018.2.2\lib\idea_rt.jar=49562:G:\IntelliJ IDEA 2018.2.2\bin -Dfile.encoding=UTF-8 keaproject.demo.BlogApplication

Host: Intel(R) Core(TM) i5-2500K CPU @ 3.30GHz, 4 cores, 15G,  Windows 10 , 64 bit Build 17134 (10.0.17134.706)
Time: Thu May  2 15:04:40 2019 Rom, sommertid elapsed time: 3 seconds (0d 0h 0m 3s)

---------------  T H R E A D  ---------------

Current thread (0x0000019638b5d000):  ConcurrentGCThread "G1 Conc#0" [stack: 0x00000016f5b00000,0x00000016f5c00000] [id=11300]

Stack: [0x00000016f5b00000,0x00000016f5c00000],  sp=0x00000016f5bff668,  free space=1021k
Native frames: (J=compiled Java code, j=interpreted, Vv=VM code, C=native code)
V  [jvm.dll+0x1a1d81]


siginfo: EXCEPTION_ACCESS_VIOLATION (0xc0000005), reading address 0x0000000000000110


Register to memory mapping:

RIP=0x00007ffede5a1d81 jvm.dll
RAX=0x0 is NULL
RBX=0x0000000800000080 is pointing into metadata
RCX=0x0000000800000005 is pointing into metadata
RDX=0x000000070172cc88 is pointing into object: 0x000000070172cc68
[B 
{0x000000070172cc68} - klass: {type array byte}
 - length: 21
RSP=0x00000016f5bff668 points into unknown readable memory
RBP=0x00000016f5bff701 points into unknown readable memory
RSI=0x000000070172cc88 is pointing into object: 0x000000070172cc68
[B 
{0x000000070172cc68} - klass: {type array byte}
 - length: 21
RDI=0x0000000000020000 is an unknown value
R8 =0x0 is NULL
R9 =0x0000000800000005 is pointing into metadata
R10=0x0000019638b720b0 points into unknown readable memory
R11=0x0000000000000246 is an unknown value
R12=0x0 is NULL
R13=0x0000019638b49920 points into unknown readable memory
R14=0x00000196533e4b30 points into unknown readable memory
R15=0x0 is NULL


Registers:
RAX=0x0000000000000000, RBX=0x0000000800000080, RCX=0x0000000800000005, RDX=0x000000070172cc88
RSP=0x00000016f5bff668, RBP=0x00000016f5bff701, RSI=0x000000070172cc88, RDI=0x0000000000020000
R8 =0x0000000000000000, R9 =0x0000000800000005, R10=0x0000019638b720b0, R11=0x0000000000000246
R12=0x0000000000000000, R13=0x0000019638b49920, R14=0x00000196533e4b30, R15=0x0000000000000000
RIP=0x00007ffede5a1d81, EFLAGS=0x0000000000010246

Top of Stack: (sp=0x00000016f5bff668)
0x00000016f5bff668:   00007ffede60bdbb 0000000000000002
0x00000016f5bff678:   00007ffede6f9e83 000000070b955cc0
0x00000016f5bff688:   0000000800006040 0000000800032a10
0x00000016f5bff698:   000000070b956740 00007ffedee096f0
0x00000016f5bff6a8:   0000000000000000 0000000800032a08
0x00000016f5bff6b8:   00007ffede6f98aa 000000070b956750
0x00000016f5bff6c8:   00000016f5bff720 000000070b956764
0x00000016f5bff6d8:   000000070b955d48 00000016f5aff720
0x00000016f5bff6e8:   0000019638b499c8 0000000000000005
0x00000016f5bff6f8:   00007ffede700184 00000008000327c8
0x00000016f5bff708:   000000070ba00000 000000070b956740
0x00000016f5bff718:   0000000000000000 00007ffedec8e208
0x00000016f5bff728:   0000000000000000 0000019638af5dc0
0x00000016f5bff738:   0000019638b49920 0000000000000000
0x00000016f5bff748:   00007ffedebab98b 0000000000000000
0x00000016f5bff758:   00000000000075a3 0000000000000000 

Instructions: (pc=0x00007ffede5a1d81)
0x00007ffede5a1d61:   10 0f b6 c1 49 8d 0c 11 49 f7 d1 48 03 c1 49 c1
0x00007ffede5a1d71:   e9 03 48 c1 e8 03 41 23 c1 c3 49 8b 01 49 8b c9
0x00007ffede5a1d81:   48 ff a0 10 01 00 00 cc cc cc cc cc cc cc cc 48
0x00007ffede5a1d91:   83 ec 38 48 8b 02 48 8b 49 38 48 89 44 24 20 48 



---------------  P R O C E S S  ---------------

Threads class SMR info:
_java_thread_list=0x00000196604ea4d0, length=18, elements={
0x0000019638ae7800, 0x000001965d9fa800, 0x000001965d9fc000, 0x000001965e310800,
0x000001965e311800, 0x000001965e313000, 0x000001965da08000, 0x000001965d9af000,
0x000001965e441800, 0x000001965e446800, 0x000001965e8f6000, 0x000001965e8f9000,
0x000001965eb3f000, 0x000001965eb36800, 0x000001965eb58800, 0x000001965fbb3800,
0x000001965fbc0000, 0x000001965fbc1000
}

Java Threads: ( => current thread )
  0x0000019638ae7800 JavaThread "main" [_thread_in_native, id=8800, stack(0x00000016f5800000,0x00000016f5900000)]
  0x000001965d9fa800 JavaThread "Reference Handler" daemon [_thread_blocked, id=26772, stack(0x00000016f5f00000,0x00000016f6000000)]
  0x000001965d9fc000 JavaThread "Finalizer" daemon [_thread_blocked, id=10000, stack(0x00000016f6000000,0x00000016f6100000)]
  0x000001965e310800 JavaThread "Signal Dispatcher" daemon [_thread_blocked, id=27932, stack(0x00000016f6100000,0x00000016f6200000)]
  0x000001965e311800 JavaThread "Attach Listener" daemon [_thread_blocked, id=11244, stack(0x00000016f6200000,0x00000016f6300000)]
  0x000001965e313000 JavaThread "C1 CompilerThread0" daemon [_thread_blocked, id=24936, stack(0x00000016f6300000,0x00000016f6400000)]
  0x000001965da08000 JavaThread "Sweeper thread" daemon [_thread_blocked, id=26052, stack(0x00000016f6400000,0x00000016f6500000)]
  0x000001965d9af000 JavaThread "Common-Cleaner" daemon [_thread_blocked, id=11276, stack(0x00000016f6500000,0x00000016f6600000)]
  0x000001965e441800 JavaThread "C1 CompilerThread1" daemon [_thread_blocked, id=25724, stack(0x00000016f6600000,0x00000016f6700000)]
  0x000001965e446800 JavaThread "C1 CompilerThread2" daemon [_thread_blocked, id=13004, stack(0x00000016f6700000,0x00000016f6800000)]
  0x000001965e8f6000 JavaThread "Monitor Ctrl-Break" daemon [_thread_in_native, id=14292, stack(0x00000016f6800000,0x00000016f6900000)]
  0x000001965e8f9000 JavaThread "Service Thread" daemon [_thread_blocked, id=12576, stack(0x00000016f6900000,0x00000016f6a00000)]
  0x000001965eb3f000 JavaThread "RMI TCP Accept-0" daemon [_thread_in_native, id=17668, stack(0x00000016f6a00000,0x00000016f6b00000)]
  0x000001965eb36800 JavaThread "RMI TCP Accept-49561" daemon [_thread_in_native, id=12980, stack(0x00000016f6b00000,0x00000016f6c00000)]
  0x000001965eb58800 JavaThread "RMI TCP Accept-0" daemon [_thread_in_native, id=13532, stack(0x00000016f6c00000,0x00000016f6d00000)]
  0x000001965fbb3800 JavaThread "RMI TCP Connection(1)-127.0.0.1" daemon [_thread_in_native, id=28216, stack(0x00000016f7300000,0x00000016f7400000)]
  0x000001965fbc0000 JavaThread "RMI Scheduler(0)" daemon [_thread_blocked, id=13940, stack(0x00000016f7400000,0x00000016f7500000)]
  0x000001965fbc1000 JavaThread "RMI TCP Connection(2)-127.0.0.1" daemon [_thread_in_native, id=7072, stack(0x00000016f7500000,0x00000016f7600000)]

Other Threads:
  0x000001965d9f2800 VMThread "VM Thread" [stack: 0x00000016f5e00000,0x00000016f5f00000] [id=26508]
  0x000001965ebd0800 WatcherThread [stack: 0x00000016f6d00000,0x00000016f6e00000] [id=5780]
  0x0000019638aff000 GCTaskThread "GC Thread#0" [stack: 0x00000016f5900000,0x00000016f5a00000] [id=13000]
  0x000001965ec1b000 GCTaskThread "GC Thread#1" [stack: 0x00000016f6e00000,0x00000016f6f00000] [id=23048]
  0x000001965ebfb000 GCTaskThread "GC Thread#2" [stack: 0x00000016f6f00000,0x00000016f7000000] [id=4868]
  0x000001965ebfb800 GCTaskThread "GC Thread#3" [stack: 0x00000016f7000000,0x00000016f7100000] [id=27792]
  0x0000019638b5b800 ConcurrentGCThread "G1 Main Marker" [stack: 0x00000016f5a00000,0x00000016f5b00000] [id=21736]
=>0x0000019638b5d000 ConcurrentGCThread "G1 Conc#0" [stack: 0x00000016f5b00000,0x00000016f5c00000] [id=11300]
  0x000001965d8ce800 ConcurrentGCThread "G1 Refine#0" [stack: 0x00000016f5c00000,0x00000016f5d00000] [id=9472]
  0x000001965e7d8800 ConcurrentGCThread "G1 Refine#1" [stack: 0x00000016f7100000,0x00000016f7200000] [id=10176]
  0x000001965d8cf800 ConcurrentGCThread "G1 Young RemSet Sampling" [stack: 0x00000016f5d00000,0x00000016f5e00000] [id=21960]

Threads with active compile tasks:
C1 CompilerThread03695   !   1       java.util.jar.Attributes::read (388 bytes)
C1 CompilerThread23696   !   1       java.io.WinNTFileSystem::resolve (362 bytes)

VM state:not at safepoint (normal execution)

VM Mutex/Monitor currently owned by a thread:  ([mutex/lock_event])
[0x0000019638ae5250] CodeCache_lock - owner thread: 0x0000000000000000

Heap address: 0x0000000701600000, size: 4074 MB, Compressed Oops mode: Zero based, Oop shift amount: 3
Narrow klass base: 0x0000000800000000, Narrow klass shift: 0
Compressed class space size: 1073741824 Address: 0x0000000800000000

Heap:
 garbage-first heap   total 262144K, used 23456K [0x0000000701600000, 0x0000000800000000)
  region size 1024K, 19 young (19456K), 13 survivors (13312K)
 Metaspace       used 35237K, capacity 36370K, committed 36504K, reserved 1081344K
  class space    used 4412K, capacity 4840K, committed 4864K, reserved 1048576K
Heap Regions: E=young(eden), S=young(survivor), O=old, HS=humongous(starts), HC=humongous(continues), CS=collection set, F=free, A=archive, TAMS=top-at-mark-start (previous, next)
|   0|0x0000000701600000, 0x0000000701700000, 0x0000000701700000|100%| O|  |TAMS 0x0000000701700000, 0x0000000701700000| Untracked 
|   1|0x0000000701700000, 0x0000000701800000, 0x0000000701800000|100%| O|  |TAMS 0x0000000701800000, 0x0000000701800000| Untracked 
|   2|0x0000000701800000, 0x0000000701900000, 0x0000000701900000|100%| O|  |TAMS 0x0000000701900000, 0x0000000701900000| Untracked 
|   3|0x0000000701900000, 0x0000000701a00000, 0x0000000701a00000|100%| O|  |TAMS 0x0000000701a00000, 0x0000000701a00000| Untracked 
|   4|0x0000000701a00000, 0x0000000701ae8000, 0x0000000701b00000| 90%| O|  |TAMS 0x0000000701ae8000, 0x0000000701ae8000| Untracked 
|   5|0x0000000701b00000, 0x0000000701b00000, 0x0000000701c00000|  0%| F|  |TAMS 0x0000000701b00000, 0x0000000701b00000| Untracked 
|   6|0x0000000701c00000, 0x0000000701c00000, 0x0000000701d00000|  0%| F|  |TAMS 0x0000000701c00000, 0x0000000701c00000| Untracked 
|   7|0x0000000701d00000, 0x0000000701d00000, 0x0000000701e00000|  0%| F|  |TAMS 0x0000000701d00000, 0x0000000701d00000| Untracked 
|   8|0x0000000701e00000, 0x0000000701e00000, 0x0000000701f00000|  0%| F|  |TAMS 0x0000000701e00000, 0x0000000701e00000| Untracked 
|   9|0x0000000701f00000, 0x0000000701f00000, 0x0000000702000000|  0%| F|  |TAMS 0x0000000701f00000, 0x0000000701f00000| Untracked 
|  10|0x0000000702000000, 0x0000000702000000, 0x0000000702100000|  0%| F|  |TAMS 0x0000000702000000, 0x0000000702000000| Untracked 
|  11|0x0000000702100000, 0x0000000702100000, 0x0000000702200000|  0%| F|  |TAMS 0x0000000702100000, 0x0000000702100000| Untracked 
|  12|0x0000000702200000, 0x0000000702200000, 0x0000000702300000|  0%| F|  |TAMS 0x0000000702200000, 0x0000000702200000| Untracked 
|  13|0x0000000702300000, 0x0000000702300000, 0x0000000702400000|  0%| F|  |TAMS 0x0000000702300000, 0x0000000702300000| Untracked 
|  14|0x0000000702400000, 0x0000000702400000, 0x0000000702500000|  0%| F|  |TAMS 0x0000000702400000, 0x0000000702400000| Untracked 
|  15|0x0000000702500000, 0x0000000702500000, 0x0000000702600000|  0%| F|  |TAMS 0x0000000702500000, 0x0000000702500000| Untracked 
|  16|0x0000000702600000, 0x0000000702600000, 0x0000000702700000|  0%| F|  |TAMS 0x0000000702600000, 0x0000000702600000| Untracked 
|  17|0x0000000702700000, 0x0000000702700000, 0x0000000702800000|  0%| F|  |TAMS 0x0000000702700000, 0x0000000702700000| Untracked 
|  18|0x0000000702800000, 0x0000000702800000, 0x0000000702900000|  0%| F|  |TAMS 0x0000000702800000, 0x0000000702800000| Untracked 
|  19|0x0000000702900000, 0x0000000702900000, 0x0000000702a00000|  0%| F|  |TAMS 0x0000000702900000, 0x0000000702900000| Untracked 
|  20|0x0000000702a00000, 0x0000000702a00000, 0x0000000702b00000|  0%| F|  |TAMS 0x0000000702a00000, 0x0000000702a00000| Untracked 
|  21|0x0000000702b00000, 0x0000000702b00000, 0x0000000702c00000|  0%| F|  |TAMS 0x0000000702b00000, 0x0000000702b00000| Untracked 
|  22|0x0000000702c00000, 0x0000000702c00000, 0x0000000702d00000|  0%| F|  |TAMS 0x0000000702c00000, 0x0000000702c00000| Untracked 
|  23|0x0000000702d00000, 0x0000000702d00000, 0x0000000702e00000|  0%| F|  |TAMS 0x0000000702d00000, 0x0000000702d00000| Untracked 
|  24|0x0000000702e00000, 0x0000000702e00000, 0x0000000702f00000|  0%| F|  |TAMS 0x0000000702e00000, 0x0000000702e00000| Untracked 
|  25|0x0000000702f00000, 0x0000000702f00000, 0x0000000703000000|  0%| F|  |TAMS 0x0000000702f00000, 0x0000000702f00000| Untracked 
|  26|0x0000000703000000, 0x0000000703000000, 0x0000000703100000|  0%| F|  |TAMS 0x0000000703000000, 0x0000000703000000| Untracked 
|  27|0x0000000703100000, 0x0000000703100000, 0x0000000703200000|  0%| F|  |TAMS 0x0000000703100000, 0x0000000703100000| Untracked 
|  28|0x0000000703200000, 0x0000000703200000, 0x0000000703300000|  0%| F|  |TAMS 0x0000000703200000, 0x0000000703200000| Untracked 
|  29|0x0000000703300000, 0x0000000703300000, 0x0000000703400000|  0%| F|  |TAMS 0x0000000703300000, 0x0000000703300000| Untracked 
|  30|0x0000000703400000, 0x0000000703400000, 0x0000000703500000|  0%| F|  |TAMS 0x0000000703400000, 0x0000000703400000| Untracked 
|  31|0x0000000703500000, 0x0000000703500000, 0x0000000703600000|  0%| F|  |TAMS 0x0000000703500000, 0x0000000703500000| Untracked 
|  32|0x0000000703600000, 0x0000000703600000, 0x0000000703700000|  0%| F|  |TAMS 0x0000000703600000, 0x0000000703600000| Untracked 
|  33|0x0000000703700000, 0x0000000703700000, 0x0000000703800000|  0%| F|  |TAMS 0x0000000703700000, 0x0000000703700000| Untracked 
|  34|0x0000000703800000, 0x0000000703800000, 0x0000000703900000|  0%| F|  |TAMS 0x0000000703800000, 0x0000000703800000| Untracked 
|  35|0x0000000703900000, 0x0000000703900000, 0x0000000703a00000|  0%| F|  |TAMS 0x0000000703900000, 0x0000000703900000| Untracked 
|  36|0x0000000703a00000, 0x0000000703a00000, 0x0000000703b00000|  0%| F|  |TAMS 0x0000000703a00000, 0x0000000703a00000| Untracked 
|  37|0x0000000703b00000, 0x0000000703b00000, 0x0000000703c00000|  0%| F|  |TAMS 0x0000000703b00000, 0x0000000703b00000| Untracked 
|  38|0x0000000703c00000, 0x0000000703c00000, 0x0000000703d00000|  0%| F|  |TAMS 0x0000000703c00000, 0x0000000703c00000| Untracked 
|  39|0x0000000703d00000, 0x0000000703d00000, 0x0000000703e00000|  0%| F|  |TAMS 0x0000000703d00000, 0x0000000703d00000| Untracked 
|  40|0x0000000703e00000, 0x0000000703e00000, 0x0000000703f00000|  0%| F|  |TAMS 0x0000000703e00000, 0x0000000703e00000| Untracked 
|  41|0x0000000703f00000, 0x0000000703f00000, 0x0000000704000000|  0%| F|  |TAMS 0x0000000703f00000, 0x0000000703f00000| Untracked 
|  42|0x0000000704000000, 0x0000000704000000, 0x0000000704100000|  0%| F|  |TAMS 0x0000000704000000, 0x0000000704000000| Untracked 
|  43|0x0000000704100000, 0x0000000704100000, 0x0000000704200000|  0%| F|  |TAMS 0x0000000704100000, 0x0000000704100000| Untracked 
|  44|0x0000000704200000, 0x0000000704200000, 0x0000000704300000|  0%| F|  |TAMS 0x0000000704200000, 0x0000000704200000| Untracked 
|  45|0x0000000704300000, 0x0000000704300000, 0x0000000704400000|  0%| F|  |TAMS 0x0000000704300000, 0x0000000704300000| Untracked 
|  46|0x0000000704400000, 0x0000000704400000, 0x0000000704500000|  0%| F|  |TAMS 0x0000000704400000, 0x0000000704400000| Untracked 
|  47|0x0000000704500000, 0x0000000704500000, 0x0000000704600000|  0%| F|  |TAMS 0x0000000704500000, 0x0000000704500000| Untracked 
|  48|0x0000000704600000, 0x0000000704600000, 0x0000000704700000|  0%| F|  |TAMS 0x0000000704600000, 0x0000000704600000| Untracked 
|  49|0x0000000704700000, 0x0000000704700000, 0x0000000704800000|  0%| F|  |TAMS 0x0000000704700000, 0x0000000704700000| Untracked 
|  50|0x0000000704800000, 0x0000000704800000, 0x0000000704900000|  0%| F|  |TAMS 0x0000000704800000, 0x0000000704800000| Untracked 
|  51|0x0000000704900000, 0x0000000704900000, 0x0000000704a00000|  0%| F|  |TAMS 0x0000000704900000, 0x0000000704900000| Untracked 
|  52|0x0000000704a00000, 0x0000000704a00000, 0x0000000704b00000|  0%| F|  |TAMS 0x0000000704a00000, 0x0000000704a00000| Untracked 
|  53|0x0000000704b00000, 0x0000000704b00000, 0x0000000704c00000|  0%| F|  |TAMS 0x0000000704b00000, 0x0000000704b00000| Untracked 
|  54|0x0000000704c00000, 0x0000000704c00000, 0x0000000704d00000|  0%| F|  |TAMS 0x0000000704c00000, 0x0000000704c00000| Untracked 
|  55|0x0000000704d00000, 0x0000000704d00000, 0x0000000704e00000|  0%| F|  |TAMS 0x0000000704d00000, 0x0000000704d00000| Untracked 
|  56|0x0000000704e00000, 0x0000000704e00000, 0x0000000704f00000|  0%| F|  |TAMS 0x0000000704e00000, 0x0000000704e00000| Untracked 
|  57|0x0000000704f00000, 0x0000000704f00000, 0x0000000705000000|  0%| F|  |TAMS 0x0000000704f00000, 0x0000000704f00000| Untracked 
|  58|0x0000000705000000, 0x0000000705000000, 0x0000000705100000|  0%| F|  |TAMS 0x0000000705000000, 0x0000000705000000| Untracked 
|  59|0x0000000705100000, 0x0000000705100000, 0x0000000705200000|  0%| F|  |TAMS 0x0000000705100000, 0x0000000705100000| Untracked 
|  60|0x0000000705200000, 0x0000000705200000, 0x0000000705300000|  0%| F|  |TAMS 0x0000000705200000, 0x0000000705200000| Untracked 
|  61|0x0000000705300000, 0x0000000705300000, 0x0000000705400000|  0%| F|  |TAMS 0x0000000705300000, 0x0000000705300000| Untracked 
|  62|0x0000000705400000, 0x0000000705400000, 0x0000000705500000|  0%| F|  |TAMS 0x0000000705400000, 0x0000000705400000| Untracked 
|  63|0x0000000705500000, 0x0000000705500000, 0x0000000705600000|  0%| F|  |TAMS 0x0000000705500000, 0x0000000705500000| Untracked 
|  64|0x0000000705600000, 0x0000000705600000, 0x0000000705700000|  0%| F|  |TAMS 0x0000000705600000, 0x0000000705600000| Untracked 
|  65|0x0000000705700000, 0x0000000705700000, 0x0000000705800000|  0%| F|  |TAMS 0x0000000705700000, 0x0000000705700000| Untracked 
|  66|0x0000000705800000, 0x0000000705800000, 0x0000000705900000|  0%| F|  |TAMS 0x0000000705800000, 0x0000000705800000| Untracked 
|  67|0x0000000705900000, 0x0000000705900000, 0x0000000705a00000|  0%| F|  |TAMS 0x0000000705900000, 0x0000000705900000| Untracked 
|  68|0x0000000705a00000, 0x0000000705a00000, 0x0000000705b00000|  0%| F|  |TAMS 0x0000000705a00000, 0x0000000705a00000| Untracked 
|  69|0x0000000705b00000, 0x0000000705b00000, 0x0000000705c00000|  0%| F|  |TAMS 0x0000000705b00000, 0x0000000705b00000| Untracked 
|  70|0x0000000705c00000, 0x0000000705c00000, 0x0000000705d00000|  0%| F|  |TAMS 0x0000000705c00000, 0x0000000705c00000| Untracked 
|  71|0x0000000705d00000, 0x0000000705d00000, 0x0000000705e00000|  0%| F|  |TAMS 0x0000000705d00000, 0x0000000705d00000| Untracked 
|  72|0x0000000705e00000, 0x0000000705e00000, 0x0000000705f00000|  0%| F|  |TAMS 0x0000000705e00000, 0x0000000705e00000| Untracked 
|  73|0x0000000705f00000, 0x0000000705f00000, 0x0000000706000000|  0%| F|  |TAMS 0x0000000705f00000, 0x0000000705f00000| Untracked 
|  74|0x0000000706000000, 0x0000000706000000, 0x0000000706100000|  0%| F|  |TAMS 0x0000000706000000, 0x0000000706000000| Untracked 
|  75|0x0000000706100000, 0x0000000706100000, 0x0000000706200000|  0%| F|  |TAMS 0x0000000706100000, 0x0000000706100000| Untracked 
|  76|0x0000000706200000, 0x0000000706200000, 0x0000000706300000|  0%| F|  |TAMS 0x0000000706200000, 0x0000000706200000| Untracked 
|  77|0x0000000706300000, 0x0000000706300000, 0x0000000706400000|  0%| F|  |TAMS 0x0000000706300000, 0x0000000706300000| Untracked 
|  78|0x0000000706400000, 0x0000000706400000, 0x0000000706500000|  0%| F|  |TAMS 0x0000000706400000, 0x0000000706400000| Untracked 
|  79|0x0000000706500000, 0x0000000706500000, 0x0000000706600000|  0%| F|  |TAMS 0x0000000706500000, 0x0000000706500000| Untracked 
|  80|0x0000000706600000, 0x0000000706600000, 0x0000000706700000|  0%| F|  |TAMS 0x0000000706600000, 0x0000000706600000| Untracked 
|  81|0x0000000706700000, 0x0000000706700000, 0x0000000706800000|  0%| F|  |TAMS 0x0000000706700000, 0x0000000706700000| Untracked 
|  82|0x0000000706800000, 0x0000000706800000, 0x0000000706900000|  0%| F|  |TAMS 0x0000000706800000, 0x0000000706800000| Untracked 
|  83|0x0000000706900000, 0x0000000706900000, 0x0000000706a00000|  0%| F|  |TAMS 0x0000000706900000, 0x0000000706900000| Untracked 
|  84|0x0000000706a00000, 0x0000000706a00000, 0x0000000706b00000|  0%| F|  |TAMS 0x0000000706a00000, 0x0000000706a00000| Untracked 
|  85|0x0000000706b00000, 0x0000000706b00000, 0x0000000706c00000|  0%| F|  |TAMS 0x0000000706b00000, 0x0000000706b00000| Untracked 
|  86|0x0000000706c00000, 0x0000000706c00000, 0x0000000706d00000|  0%| F|  |TAMS 0x0000000706c00000, 0x0000000706c00000| Untracked 
|  87|0x0000000706d00000, 0x0000000706d00000, 0x0000000706e00000|  0%| F|  |TAMS 0x0000000706d00000, 0x0000000706d00000| Untracked 
|  88|0x0000000706e00000, 0x0000000706e00000, 0x0000000706f00000|  0%| F|  |TAMS 0x0000000706e00000, 0x0000000706e00000| Untracked 
|  89|0x0000000706f00000, 0x0000000706f00000, 0x0000000707000000|  0%| F|  |TAMS 0x0000000706f00000, 0x0000000706f00000| Untracked 
|  90|0x0000000707000000, 0x0000000707000000, 0x0000000707100000|  0%| F|  |TAMS 0x0000000707000000, 0x0000000707000000| Untracked 
|  91|0x0000000707100000, 0x0000000707100000, 0x0000000707200000|  0%| F|  |TAMS 0x0000000707100000, 0x0000000707100000| Untracked 
|  92|0x0000000707200000, 0x0000000707200000, 0x0000000707300000|  0%| F|  |TAMS 0x0000000707200000, 0x0000000707200000| Untracked 
|  93|0x0000000707300000, 0x0000000707300000, 0x0000000707400000|  0%| F|  |TAMS 0x0000000707300000, 0x0000000707300000| Untracked 
|  94|0x0000000707400000, 0x0000000707400000, 0x0000000707500000|  0%| F|  |TAMS 0x0000000707400000, 0x0000000707400000| Untracked 
|  95|0x0000000707500000, 0x0000000707500000, 0x0000000707600000|  0%| F|  |TAMS 0x0000000707500000, 0x0000000707500000| Untracked 
|  96|0x0000000707600000, 0x0000000707600000, 0x0000000707700000|  0%| F|  |TAMS 0x0000000707600000, 0x0000000707600000| Untracked 
|  97|0x0000000707700000, 0x0000000707700000, 0x0000000707800000|  0%| F|  |TAMS 0x0000000707700000, 0x0000000707700000| Untracked 
|  98|0x0000000707800000, 0x0000000707800000, 0x0000000707900000|  0%| F|  |TAMS 0x0000000707800000, 0x0000000707800000| Untracked 
|  99|0x0000000707900000, 0x0000000707900000, 0x0000000707a00000|  0%| F|  |TAMS 0x0000000707900000, 0x0000000707900000| Untracked 
| 100|0x0000000707a00000, 0x0000000707a00000, 0x0000000707b00000|  0%| F|  |TAMS 0x0000000707a00000, 0x0000000707a00000| Untracked 
| 101|0x0000000707b00000, 0x0000000707b00000, 0x0000000707c00000|  0%| F|  |TAMS 0x0000000707b00000, 0x0000000707b00000| Untracked 
| 102|0x0000000707c00000, 0x0000000707c00000, 0x0000000707d00000|  0%| F|  |TAMS 0x0000000707c00000, 0x0000000707c00000| Untracked 
| 103|0x0000000707d00000, 0x0000000707d00000, 0x0000000707e00000|  0%| F|  |TAMS 0x0000000707d00000, 0x0000000707d00000| Untracked 
| 104|0x0000000707e00000, 0x0000000707e00000, 0x0000000707f00000|  0%| F|  |TAMS 0x0000000707e00000, 0x0000000707e00000| Untracked 
| 105|0x0000000707f00000, 0x0000000707f00000, 0x0000000708000000|  0%| F|  |TAMS 0x0000000707f00000, 0x0000000707f00000| Untracked 
| 106|0x0000000708000000, 0x0000000708000000, 0x0000000708100000|  0%| F|  |TAMS 0x0000000708000000, 0x0000000708000000| Untracked 
| 107|0x0000000708100000, 0x0000000708100000, 0x0000000708200000|  0%| F|  |TAMS 0x0000000708100000, 0x0000000708100000| Untracked 
| 108|0x0000000708200000, 0x0000000708200000, 0x0000000708300000|  0%| F|  |TAMS 0x0000000708200000, 0x0000000708200000| Untracked 
| 109|0x0000000708300000, 0x0000000708300000, 0x0000000708400000|  0%| F|  |TAMS 0x0000000708300000, 0x0000000708300000| Untracked 
| 110|0x0000000708400000, 0x0000000708400000, 0x0000000708500000|  0%| F|  |TAMS 0x0000000708400000, 0x0000000708400000| Untracked 
| 111|0x0000000708500000, 0x0000000708500000, 0x0000000708600000|  0%| F|  |TAMS 0x0000000708500000, 0x0000000708500000| Untracked 
| 112|0x0000000708600000, 0x0000000708600000, 0x0000000708700000|  0%| F|  |TAMS 0x0000000708600000, 0x0000000708600000| Untracked 
| 113|0x0000000708700000, 0x0000000708700000, 0x0000000708800000|  0%| F|  |TAMS 0x0000000708700000, 0x0000000708700000| Untracked 
| 114|0x0000000708800000, 0x0000000708800000, 0x0000000708900000|  0%| F|  |TAMS 0x0000000708800000, 0x0000000708800000| Untracked 
| 115|0x0000000708900000, 0x0000000708900000, 0x0000000708a00000|  0%| F|  |TAMS 0x0000000708900000, 0x0000000708900000| Untracked 
| 116|0x0000000708a00000, 0x0000000708a00000, 0x0000000708b00000|  0%| F|  |TAMS 0x0000000708a00000, 0x0000000708a00000| Untracked 
| 117|0x0000000708b00000, 0x0000000708b00000, 0x0000000708c00000|  0%| F|  |TAMS 0x0000000708b00000, 0x0000000708b00000| Untracked 
| 118|0x0000000708c00000, 0x0000000708c00000, 0x0000000708d00000|  0%| F|  |TAMS 0x0000000708c00000, 0x0000000708c00000| Untracked 
| 119|0x0000000708d00000, 0x0000000708d00000, 0x0000000708e00000|  0%| F|  |TAMS 0x0000000708d00000, 0x0000000708d00000| Untracked 
| 120|0x0000000708e00000, 0x0000000708e00000, 0x0000000708f00000|  0%| F|  |TAMS 0x0000000708e00000, 0x0000000708e00000| Untracked 
| 121|0x0000000708f00000, 0x0000000708f00000, 0x0000000709000000|  0%| F|  |TAMS 0x0000000708f00000, 0x0000000708f00000| Untracked 
| 122|0x0000000709000000, 0x0000000709000000, 0x0000000709100000|  0%| F|  |TAMS 0x0000000709000000, 0x0000000709000000| Untracked 
| 123|0x0000000709100000, 0x0000000709100000, 0x0000000709200000|  0%| F|  |TAMS 0x0000000709100000, 0x0000000709100000| Untracked 
| 124|0x0000000709200000, 0x0000000709200000, 0x0000000709300000|  0%| F|  |TAMS 0x0000000709200000, 0x0000000709200000| Untracked 
| 125|0x0000000709300000, 0x0000000709300000, 0x0000000709400000|  0%| F|  |TAMS 0x0000000709300000, 0x0000000709300000| Untracked 
| 126|0x0000000709400000, 0x0000000709400000, 0x0000000709500000|  0%| F|  |TAMS 0x0000000709400000, 0x0000000709400000| Untracked 
| 127|0x0000000709500000, 0x0000000709500000, 0x0000000709600000|  0%| F|  |TAMS 0x0000000709500000, 0x0000000709500000| Untracked 
| 128|0x0000000709600000, 0x0000000709600000, 0x0000000709700000|  0%| F|  |TAMS 0x0000000709600000, 0x0000000709600000| Untracked 
| 129|0x0000000709700000, 0x0000000709700000, 0x0000000709800000|  0%| F|  |TAMS 0x0000000709700000, 0x0000000709700000| Untracked 
| 130|0x0000000709800000, 0x0000000709800000, 0x0000000709900000|  0%| F|  |TAMS 0x0000000709800000, 0x0000000709800000| Untracked 
| 131|0x0000000709900000, 0x0000000709900000, 0x0000000709a00000|  0%| F|  |TAMS 0x0000000709900000, 0x0000000709900000| Untracked 
| 132|0x0000000709a00000, 0x0000000709a00000, 0x0000000709b00000|  0%| F|  |TAMS 0x0000000709a00000, 0x0000000709a00000| Untracked 
| 133|0x0000000709b00000, 0x0000000709b00000, 0x0000000709c00000|  0%| F|  |TAMS 0x0000000709b00000, 0x0000000709b00000| Untracked 
| 134|0x0000000709c00000, 0x0000000709c00000, 0x0000000709d00000|  0%| F|  |TAMS 0x0000000709c00000, 0x0000000709c00000| Untracked 
| 135|0x0000000709d00000, 0x0000000709d00000, 0x0000000709e00000|  0%| F|  |TAMS 0x0000000709d00000, 0x0000000709d00000| Untracked 
| 136|0x0000000709e00000, 0x0000000709e00000, 0x0000000709f00000|  0%| F|  |TAMS 0x0000000709e00000, 0x0000000709e00000| Untracked 
| 137|0x0000000709f00000, 0x0000000709f00000, 0x000000070a000000|  0%| F|  |TAMS 0x0000000709f00000, 0x0000000709f00000| Untracked 
| 138|0x000000070a000000, 0x000000070a000000, 0x000000070a100000|  0%| F|  |TAMS 0x000000070a000000, 0x000000070a000000| Untracked 
| 139|0x000000070a100000, 0x000000070a100000, 0x000000070a200000|  0%| F|  |TAMS 0x000000070a100000, 0x000000070a100000| Untracked 
| 140|0x000000070a200000, 0x000000070a200000, 0x000000070a300000|  0%| F|  |TAMS 0x000000070a200000, 0x000000070a200000| Untracked 
| 141|0x000000070a300000, 0x000000070a300000, 0x000000070a400000|  0%| F|  |TAMS 0x000000070a300000, 0x000000070a300000| Untracked 
| 142|0x000000070a400000, 0x000000070a400000, 0x000000070a500000|  0%| F|  |TAMS 0x000000070a400000, 0x000000070a400000| Untracked 
| 143|0x000000070a500000, 0x000000070a500000, 0x000000070a600000|  0%| F|  |TAMS 0x000000070a500000, 0x000000070a500000| Untracked 
| 144|0x000000070a600000, 0x000000070a600000, 0x000000070a700000|  0%| F|  |TAMS 0x000000070a600000, 0x000000070a600000| Untracked 
| 145|0x000000070a700000, 0x000000070a700000, 0x000000070a800000|  0%| F|  |TAMS 0x000000070a700000, 0x000000070a700000| Untracked 
| 146|0x000000070a800000, 0x000000070a800000, 0x000000070a900000|  0%| F|  |TAMS 0x000000070a800000, 0x000000070a800000| Untracked 
| 147|0x000000070a900000, 0x000000070a900000, 0x000000070aa00000|  0%| F|  |TAMS 0x000000070a900000, 0x000000070a900000| Untracked 
| 148|0x000000070aa00000, 0x000000070aa00000, 0x000000070ab00000|  0%| F|  |TAMS 0x000000070aa00000, 0x000000070aa00000| Untracked 
| 149|0x000000070ab00000, 0x000000070ab00000, 0x000000070ac00000|  0%| F|  |TAMS 0x000000070ab00000, 0x000000070ab00000| Untracked 
| 150|0x000000070ac00000, 0x000000070ac00000, 0x000000070ad00000|  0%| F|  |TAMS 0x000000070ac00000, 0x000000070ac00000| Untracked 
| 151|0x000000070ad00000, 0x000000070ad00000, 0x000000070ae00000|  0%| F|  |TAMS 0x000000070ad00000, 0x000000070ad00000| Untracked 
| 152|0x000000070ae00000, 0x000000070ae00000, 0x000000070af00000|  0%| F|  |TAMS 0x000000070ae00000, 0x000000070ae00000| Untracked 
| 153|0x000000070af00000, 0x000000070af00000, 0x000000070b000000|  0%| F|  |TAMS 0x000000070af00000, 0x000000070af00000| Untracked 
| 154|0x000000070b000000, 0x000000070b000000, 0x000000070b100000|  0%| F|  |TAMS 0x000000070b000000, 0x000000070b000000| Untracked 
| 155|0x000000070b100000, 0x000000070b100000, 0x000000070b200000|  0%| F|  |TAMS 0x000000070b100000, 0x000000070b100000| Untracked 
| 156|0x000000070b200000, 0x000000070b200000, 0x000000070b300000|  0%| F|  |TAMS 0x000000070b200000, 0x000000070b200000| Untracked 
| 157|0x000000070b300000, 0x000000070b300000, 0x000000070b400000|  0%| F|  |TAMS 0x000000070b300000, 0x000000070b300000| Untracked 
| 158|0x000000070b400000, 0x000000070b400000, 0x000000070b500000|  0%| F|  |TAMS 0x000000070b400000, 0x000000070b400000| Untracked 
| 159|0x000000070b500000, 0x000000070b600000, 0x000000070b600000|100%| S|CS|TAMS 0x000000070b500000, 0x000000070b500000| Complete 
| 160|0x000000070b600000, 0x000000070b700000, 0x000000070b700000|100%| S|CS|TAMS 0x000000070b600000, 0x000000070b600000| Complete 
| 161|0x000000070b700000, 0x000000070b800000, 0x000000070b800000|100%| S|CS|TAMS 0x000000070b700000, 0x000000070b700000| Complete 
| 162|0x000000070b800000, 0x000000070b900000, 0x000000070b900000|100%| S|CS|TAMS 0x000000070b800000, 0x000000070b800000| Complete 
| 163|0x000000070b900000, 0x000000070ba00000, 0x000000070ba00000|100%| S|CS|TAMS 0x000000070b900000, 0x000000070b900000| Complete 
| 164|0x000000070ba00000, 0x000000070bb00000, 0x000000070bb00000|100%| S|CS|TAMS 0x000000070ba00000, 0x000000070ba00000| Complete 
| 165|0x000000070bb00000, 0x000000070bc00000, 0x000000070bc00000|100%| S|CS|TAMS 0x000000070bb00000, 0x000000070bb00000| Complete 
| 166|0x000000070bc00000, 0x000000070bd00000, 0x000000070bd00000|100%| S|CS|TAMS 0x000000070bc00000, 0x000000070bc00000| Complete 
| 167|0x000000070bd00000, 0x000000070be00000, 0x000000070be00000|100%| S|CS|TAMS 0x000000070bd00000, 0x000000070bd00000| Complete 
| 168|0x000000070be00000, 0x000000070bf00000, 0x000000070bf00000|100%| S|CS|TAMS 0x000000070be00000, 0x000000070be00000| Complete 
| 169|0x000000070bf00000, 0x000000070c000000, 0x000000070c000000|100%| S|CS|TAMS 0x000000070bf00000, 0x000000070bf00000| Complete 
| 170|0x000000070c000000, 0x000000070c100000, 0x000000070c100000|100%| S|CS|TAMS 0x000000070c000000, 0x000000070c000000| Complete 
| 171|0x000000070c100000, 0x000000070c200000, 0x000000070c200000|100%| S|CS|TAMS 0x000000070c100000, 0x000000070c100000| Complete 
| 172|0x000000070c200000, 0x000000070c200000, 0x000000070c300000|  0%| F|  |TAMS 0x000000070c200000, 0x000000070c200000| Untracked 
| 173|0x000000070c300000, 0x000000070c300000, 0x000000070c400000|  0%| F|  |TAMS 0x000000070c300000, 0x000000070c300000| Untracked 
| 174|0x000000070c400000, 0x000000070c400000, 0x000000070c500000|  0%| F|  |TAMS 0x000000070c400000, 0x000000070c400000| Untracked 
| 175|0x000000070c500000, 0x000000070c500000, 0x000000070c600000|  0%| F|  |TAMS 0x000000070c500000, 0x000000070c500000| Untracked 
| 176|0x000000070c600000, 0x000000070c600000, 0x000000070c700000|  0%| F|  |TAMS 0x000000070c600000, 0x000000070c600000| Untracked 
| 177|0x000000070c700000, 0x000000070c700000, 0x000000070c800000|  0%| F|  |TAMS 0x000000070c700000, 0x000000070c700000| Untracked 
| 178|0x000000070c800000, 0x000000070c800000, 0x000000070c900000|  0%| F|  |TAMS 0x000000070c800000, 0x000000070c800000| Untracked 
| 179|0x000000070c900000, 0x000000070c900000, 0x000000070ca00000|  0%| F|  |TAMS 0x000000070c900000, 0x000000070c900000| Untracked 
| 180|0x000000070ca00000, 0x000000070ca00000, 0x000000070cb00000|  0%| F|  |TAMS 0x000000070ca00000, 0x000000070ca00000| Untracked 
| 181|0x000000070cb00000, 0x000000070cb00000, 0x000000070cc00000|  0%| F|  |TAMS 0x000000070cb00000, 0x000000070cb00000| Untracked 
| 182|0x000000070cc00000, 0x000000070cc00000, 0x000000070cd00000|  0%| F|  |TAMS 0x000000070cc00000, 0x000000070cc00000| Untracked 
| 183|0x000000070cd00000, 0x000000070cd00000, 0x000000070ce00000|  0%| F|  |TAMS 0x000000070cd00000, 0x000000070cd00000| Untracked 
| 184|0x000000070ce00000, 0x000000070ce00000, 0x000000070cf00000|  0%| F|  |TAMS 0x000000070ce00000, 0x000000070ce00000| Untracked 
| 185|0x000000070cf00000, 0x000000070cf00000, 0x000000070d000000|  0%| F|  |TAMS 0x000000070cf00000, 0x000000070cf00000| Untracked 
| 186|0x000000070d000000, 0x000000070d000000, 0x000000070d100000|  0%| F|  |TAMS 0x000000070d000000, 0x000000070d000000| Untracked 
| 187|0x000000070d100000, 0x000000070d100000, 0x000000070d200000|  0%| F|  |TAMS 0x000000070d100000, 0x000000070d100000| Untracked 
| 188|0x000000070d200000, 0x000000070d200000, 0x000000070d300000|  0%| F|  |TAMS 0x000000070d200000, 0x000000070d200000| Untracked 
| 189|0x000000070d300000, 0x000000070d300000, 0x000000070d400000|  0%| F|  |TAMS 0x000000070d300000, 0x000000070d300000| Untracked 
| 190|0x000000070d400000, 0x000000070d400000, 0x000000070d500000|  0%| F|  |TAMS 0x000000070d400000, 0x000000070d400000| Untracked 
| 191|0x000000070d500000, 0x000000070d500000, 0x000000070d600000|  0%| F|  |TAMS 0x000000070d500000, 0x000000070d500000| Untracked 
| 192|0x000000070d600000, 0x000000070d600000, 0x000000070d700000|  0%| F|  |TAMS 0x000000070d600000, 0x000000070d600000| Untracked 
| 193|0x000000070d700000, 0x000000070d700000, 0x000000070d800000|  0%| F|  |TAMS 0x000000070d700000, 0x000000070d700000| Untracked 
| 194|0x000000070d800000, 0x000000070d800000, 0x000000070d900000|  0%| F|  |TAMS 0x000000070d800000, 0x000000070d800000| Untracked 
| 195|0x000000070d900000, 0x000000070d900000, 0x000000070da00000|  0%| F|  |TAMS 0x000000070d900000, 0x000000070d900000| Untracked 
| 196|0x000000070da00000, 0x000000070da00000, 0x000000070db00000|  0%| F|  |TAMS 0x000000070da00000, 0x000000070da00000| Untracked 
| 197|0x000000070db00000, 0x000000070db00000, 0x000000070dc00000|  0%| F|  |TAMS 0x000000070db00000, 0x000000070db00000| Untracked 
| 198|0x000000070dc00000, 0x000000070dc00000, 0x000000070dd00000|  0%| F|  |TAMS 0x000000070dc00000, 0x000000070dc00000| Untracked 
| 199|0x000000070dd00000, 0x000000070dd00000, 0x000000070de00000|  0%| F|  |TAMS 0x000000070dd00000, 0x000000070dd00000| Untracked 
| 200|0x000000070de00000, 0x000000070de00000, 0x000000070df00000|  0%| F|  |TAMS 0x000000070de00000, 0x000000070de00000| Untracked 
| 201|0x000000070df00000, 0x000000070df00000, 0x000000070e000000|  0%| F|  |TAMS 0x000000070df00000, 0x000000070df00000| Untracked 
| 202|0x000000070e000000, 0x000000070e000000, 0x000000070e100000|  0%| F|  |TAMS 0x000000070e000000, 0x000000070e000000| Untracked 
| 203|0x000000070e100000, 0x000000070e100000, 0x000000070e200000|  0%| F|  |TAMS 0x000000070e100000, 0x000000070e100000| Untracked 
| 204|0x000000070e200000, 0x000000070e200000, 0x000000070e300000|  0%| F|  |TAMS 0x000000070e200000, 0x000000070e200000| Untracked 
| 205|0x000000070e300000, 0x000000070e300000, 0x000000070e400000|  0%| F|  |TAMS 0x000000070e300000, 0x000000070e300000| Untracked 
| 206|0x000000070e400000, 0x000000070e400000, 0x000000070e500000|  0%| F|  |TAMS 0x000000070e400000, 0x000000070e400000| Untracked 
| 207|0x000000070e500000, 0x000000070e500000, 0x000000070e600000|  0%| F|  |TAMS 0x000000070e500000, 0x000000070e500000| Untracked 
| 208|0x000000070e600000, 0x000000070e600000, 0x000000070e700000|  0%| F|  |TAMS 0x000000070e600000, 0x000000070e600000| Untracked 
| 209|0x000000070e700000, 0x000000070e700000, 0x000000070e800000|  0%| F|  |TAMS 0x000000070e700000, 0x000000070e700000| Untracked 
| 210|0x000000070e800000, 0x000000070e800000, 0x000000070e900000|  0%| F|  |TAMS 0x000000070e800000, 0x000000070e800000| Untracked 
| 211|0x000000070e900000, 0x000000070e900000, 0x000000070ea00000|  0%| F|  |TAMS 0x000000070e900000, 0x000000070e900000| Untracked 
| 212|0x000000070ea00000, 0x000000070ea00000, 0x000000070eb00000|  0%| F|  |TAMS 0x000000070ea00000, 0x000000070ea00000| Untracked 
| 213|0x000000070eb00000, 0x000000070eb00000, 0x000000070ec00000|  0%| F|  |TAMS 0x000000070eb00000, 0x000000070eb00000| Untracked 
| 214|0x000000070ec00000, 0x000000070ec00000, 0x000000070ed00000|  0%| F|  |TAMS 0x000000070ec00000, 0x000000070ec00000| Untracked 
| 215|0x000000070ed00000, 0x000000070ed00000, 0x000000070ee00000|  0%| F|  |TAMS 0x000000070ed00000, 0x000000070ed00000| Untracked 
| 216|0x000000070ee00000, 0x000000070ee00000, 0x000000070ef00000|  0%| F|  |TAMS 0x000000070ee00000, 0x000000070ee00000| Untracked 
| 217|0x000000070ef00000, 0x000000070ef00000, 0x000000070f000000|  0%| F|  |TAMS 0x000000070ef00000, 0x000000070ef00000| Untracked 
| 218|0x000000070f000000, 0x000000070f000000, 0x000000070f100000|  0%| F|  |TAMS 0x000000070f000000, 0x000000070f000000| Untracked 
| 219|0x000000070f100000, 0x000000070f100000, 0x000000070f200000|  0%| F|  |TAMS 0x000000070f100000, 0x000000070f100000| Untracked 
| 220|0x000000070f200000, 0x000000070f200000, 0x000000070f300000|  0%| F|  |TAMS 0x000000070f200000, 0x000000070f200000| Untracked 
| 221|0x000000070f300000, 0x000000070f300000, 0x000000070f400000|  0%| F|  |TAMS 0x000000070f300000, 0x000000070f300000| Untracked 
| 222|0x000000070f400000, 0x000000070f400000, 0x000000070f500000|  0%| F|  |TAMS 0x000000070f400000, 0x000000070f400000| Untracked 
| 223|0x000000070f500000, 0x000000070f500000, 0x000000070f600000|  0%| F|  |TAMS 0x000000070f500000, 0x000000070f500000| Untracked 
| 224|0x000000070f600000, 0x000000070f600000, 0x000000070f700000|  0%| F|  |TAMS 0x000000070f600000, 0x000000070f600000| Untracked 
| 225|0x000000070f700000, 0x000000070f700000, 0x000000070f800000|  0%| F|  |TAMS 0x000000070f700000, 0x000000070f700000| Untracked 
| 226|0x000000070f800000, 0x000000070f800000, 0x000000070f900000|  0%| F|  |TAMS 0x000000070f800000, 0x000000070f800000| Untracked 
| 227|0x000000070f900000, 0x000000070f900000, 0x000000070fa00000|  0%| F|  |TAMS 0x000000070f900000, 0x000000070f900000| Untracked 
| 228|0x000000070fa00000, 0x000000070fa00000, 0x000000070fb00000|  0%| F|  |TAMS 0x000000070fa00000, 0x000000070fa00000| Untracked 
| 229|0x000000070fb00000, 0x000000070fb00000, 0x000000070fc00000|  0%| F|  |TAMS 0x000000070fb00000, 0x000000070fb00000| Untracked 
| 230|0x000000070fc00000, 0x000000070fc00000, 0x000000070fd00000|  0%| F|  |TAMS 0x000000070fc00000, 0x000000070fc00000| Untracked 
| 231|0x000000070fd00000, 0x000000070fd00000, 0x000000070fe00000|  0%| F|  |TAMS 0x000000070fd00000, 0x000000070fd00000| Untracked 
| 232|0x000000070fe00000, 0x000000070fe00000, 0x000000070ff00000|  0%| F|  |TAMS 0x000000070fe00000, 0x000000070fe00000| Untracked 
| 233|0x000000070ff00000, 0x000000070ff00000, 0x0000000710000000|  0%| F|  |TAMS 0x000000070ff00000, 0x000000070ff00000| Untracked 
| 234|0x0000000710000000, 0x0000000710000000, 0x0000000710100000|  0%| F|  |TAMS 0x0000000710000000, 0x0000000710000000| Untracked 
| 235|0x0000000710100000, 0x0000000710100000, 0x0000000710200000|  0%| F|  |TAMS 0x0000000710100000, 0x0000000710100000| Untracked 
| 236|0x0000000710200000, 0x0000000710200000, 0x0000000710300000|  0%| F|  |TAMS 0x0000000710200000, 0x0000000710200000| Untracked 
| 237|0x0000000710300000, 0x0000000710300000, 0x0000000710400000|  0%| F|  |TAMS 0x0000000710300000, 0x0000000710300000| Untracked 
| 238|0x0000000710400000, 0x0000000710400000, 0x0000000710500000|  0%| F|  |TAMS 0x0000000710400000, 0x0000000710400000| Untracked 
| 239|0x0000000710500000, 0x0000000710500000, 0x0000000710600000|  0%| F|  |TAMS 0x0000000710500000, 0x0000000710500000| Untracked 
| 240|0x0000000710600000, 0x0000000710600000, 0x0000000710700000|  0%| F|  |TAMS 0x0000000710600000, 0x0000000710600000| Untracked 
| 241|0x0000000710700000, 0x0000000710700000, 0x0000000710800000|  0%| F|  |TAMS 0x0000000710700000, 0x0000000710700000| Untracked 
| 242|0x0000000710800000, 0x0000000710800000, 0x0000000710900000|  0%| F|  |TAMS 0x0000000710800000, 0x0000000710800000| Untracked 
| 243|0x0000000710900000, 0x0000000710900000, 0x0000000710a00000|  0%| F|  |TAMS 0x0000000710900000, 0x0000000710900000| Untracked 
| 244|0x0000000710a00000, 0x0000000710a00000, 0x0000000710b00000|  0%| F|  |TAMS 0x0000000710a00000, 0x0000000710a00000| Untracked 
| 245|0x0000000710b00000, 0x0000000710b00000, 0x0000000710c00000|  0%| F|  |TAMS 0x0000000710b00000, 0x0000000710b00000| Untracked 
| 246|0x0000000710c00000, 0x0000000710c00000, 0x0000000710d00000|  0%| F|  |TAMS 0x0000000710c00000, 0x0000000710c00000| Untracked 
| 247|0x0000000710d00000, 0x0000000710d00000, 0x0000000710e00000|  0%| F|  |TAMS 0x0000000710d00000, 0x0000000710d00000| Untracked 
| 248|0x0000000710e00000, 0x0000000710e00000, 0x0000000710f00000|  0%| F|  |TAMS 0x0000000710e00000, 0x0000000710e00000| Untracked 
| 249|0x0000000710f00000, 0x0000000711000000, 0x0000000711000000|100%| E|  |TAMS 0x0000000710f00000, 0x0000000710f00000| Complete 
| 250|0x0000000711000000, 0x0000000711100000, 0x0000000711100000|100%| E|CS|TAMS 0x0000000711000000, 0x0000000711000000| Complete 
| 251|0x0000000711100000, 0x0000000711200000, 0x0000000711200000|100%| E|CS|TAMS 0x0000000711100000, 0x0000000711100000| Complete 
| 252|0x0000000711200000, 0x0000000711300000, 0x0000000711300000|100%| E|CS|TAMS 0x0000000711200000, 0x0000000711200000| Complete 
| 253|0x0000000711300000, 0x0000000711400000, 0x0000000711400000|100%| E|CS|TAMS 0x0000000711300000, 0x0000000711300000| Complete 
| 254|0x0000000711400000, 0x0000000711500000, 0x0000000711500000|100%| E|CS|TAMS 0x0000000711400000, 0x0000000711400000| Complete 
| 255|0x0000000711500000, 0x0000000711600000, 0x0000000711600000|100%| E|CS|TAMS 0x0000000711500000, 0x0000000711500000| Complete 

Card table byte_map: [0x00000196523e0000,0x0000019652be0000] _byte_map_base: 0x000001964ebd5000

Marking Bits (Prev, Next): (CMBitMap*) 0x0000019638b49970, (CMBitMap*) 0x0000019638b49938
 Prev Bits: [0x0000019657390000, 0x000001965b338000)
 Next Bits: [0x00000196533e0000, 0x0000019657388000)

Polling page: 0x0000019638950000

Metaspace:

Usage:
  Non-class:     30.79 MB capacity,    30.15 MB ( 98%) used,   539.44 KB (  2%) free+waste,   118.31 KB ( <1%) overhead. 
      Class:      4.73 MB capacity,     4.31 MB ( 91%) used,   364.28 KB (  8%) free+waste,    58.88 KB (  1%) overhead. 
       Both:     35.52 MB capacity,    34.46 MB ( 97%) used,   903.72 KB (  2%) free+waste,   177.19 KB ( <1%) overhead. 

Virtual space:
  Non-class space:       32.00 MB reserved,      30.90 MB ( 97%) committed 
      Class space:        1.00 GB reserved,       4.75 MB ( <1%) committed 
             Both:        1.03 GB reserved,      35.65 MB (  3%) committed 

Chunk freelists:
   Non-Class:  2.75 KB
       Class:  3.00 KB
        Both:  5.75 KB

CodeHeap 'non-profiled nmethods': size=238912Kb used=6545Kb max_used=6545Kb free=232367Kb
 bounds [0x0000019642c70000, 0x00000196432e0000, 0x00000196515c0000]
CodeHeap 'non-nmethods': size=6848Kb used=2298Kb max_used=2298Kb free=4549Kb
 bounds [0x00000196425c0000, 0x0000019642830000, 0x0000019642c70000]
 total_blobs=4214 nmethods=3697 adapters=425
 compilation: enabled
              stopped_count=0, restarted_count=0
 full_count=0

Compilation events (10 events):
Event: 3.572 Thread 0x000001965e446800 3667       1       org.apache.tomcat.util.modeler.ParameterInfo::<init> (5 bytes)
Event: 3.572 Thread 0x000001965e313000 3668   !   1       org.apache.tomcat.util.modeler.OperationInfo::addParameter (81 bytes)
Event: 3.572 Thread 0x000001965e441800 3669       1       org.apache.tomcat.util.modeler.ManagedBean$$Lambda$273/0x000000080033d440::apply (8 bytes)
Event: 3.572 Thread 0x000001965e446800 nmethod 3667 0x00000196432c4210 code [0x00000196432c43c0, 0x00000196432c4598]
Event: 3.572 Thread 0x000001965e441800 nmethod 3669 0x00000196432c4610 code [0x00000196432c47c0, 0x00000196432c4918]
Event: 3.572 Thread 0x000001965e446800 3670       1       org.apache.tomcat.util.modeler.ManagedBean::lambda$createOperationKey$0 (5 bytes)
Event: 3.572 Thread 0x000001965e446800 nmethod 3670 0x00000196432c4a10 code [0x00000196432c4bc0, 0x00000196432c4cb8]
Event: 3.573 Thread 0x000001965e313000 nmethod 3668 0x00000196432c4d90 code [0x00000196432c4fc0, 0x00000196432c55b0]
Event: 3.573 Thread 0x000001965e441800 3671       1       javax.management.MBeanOperationInfo::<init> (89 bytes)
Event: 3.573 Thread 0x000001965e441800 nmethod 3671 0x00000196432c5990 code [0x00000196432c5ba0, 0x00000196432c60e0]

GC Heap History (10 events):
Event: 1.403 GC heap before
{Heap before GC invocations=1 (full 0):
 garbage-first heap   total 262144K, used 15153K [0x0000000701600000, 0x0000000800000000)
  region size 1024K, 12 young (12288K), 2 survivors (2048K)
 Metaspace       used 14580K, capacity 15035K, committed 15104K, reserved 1062912K
  class space    used 1591K, capacity 1745K, committed 1792K, reserved 1048576K
}
Event: 1.405 GC heap after
{Heap after GC invocations=2 (full 0):
 garbage-first heap   total 262144K, used 6048K [0x0000000701600000, 0x0000000800000000)
  region size 1024K, 1 young (1024K), 1 survivors (1024K)
 Metaspace       used 14580K, capacity 15035K, committed 15104K, reserved 1062912K
  class space    used 1591K, capacity 1745K, committed 1792K, reserved 1048576K
}
Event: 1.680 GC heap before
{Heap before GC invocations=2 (full 0):
 garbage-first heap   total 262144K, used 31648K [0x0000000701600000, 0x0000000800000000)
  region size 1024K, 26 young (26624K), 1 survivors (1024K)
 Metaspace       used 19482K, capacity 20086K, committed 20352K, reserved 1067008K
  class space    used 2341K, capacity 2581K, committed 2688K, reserved 1048576K
}
Event: 1.683 GC heap after
{Heap after GC invocations=3 (full 0):
 garbage-first heap   total 262144K, used 7525K [0x0000000701600000, 0x0000000800000000)
  region size 1024K, 3 young (3072K), 3 survivors (3072K)
 Metaspace       used 19482K, capacity 20086K, committed 20352K, reserved 1067008K
  class space    used 2341K, capacity 2581K, committed 2688K, reserved 1048576K
}
Event: 1.747 GC heap before
{Heap before GC invocations=3 (full 0):
 garbage-first heap   total 262144K, used 13669K [0x0000000701600000, 0x0000000800000000)
  region size 1024K, 10 young (10240K), 3 survivors (3072K)
 Metaspace       used 20547K, capacity 21131K, committed 21248K, reserved 1067008K
  class space    used 2498K, capacity 2727K, committed 2816K, reserved 1048576K
}
Event: 1.750 GC heap after
{Heap after GC invocations=4 (full 0):
 garbage-first heap   total 262144K, used 7838K [0x0000000701600000, 0x0000000800000000)
  region size 1024K, 3 young (3072K), 3 survivors (3072K)
 Metaspace       used 20547K, capacity 21131K, committed 21248K, reserved 1067008K
  class space    used 2498K, capacity 2727K, committed 2816K, reserved 1048576K
}
Event: 2.374 GC heap before
{Heap before GC invocations=5 (full 0):
 garbage-first heap   total 262144K, used 47774K [0x0000000701600000, 0x0000000800000000)
  region size 1024K, 43 young (44032K), 3 survivors (3072K)
 Metaspace       used 27201K, capacity 28040K, committed 28288K, reserved 1073152K
  class space    used 3344K, capacity 3679K, committed 3712K, reserved 1048576K
}
Event: 2.381 GC heap after
{Heap after GC invocations=6 (full 0):
 garbage-first heap   total 262144K, used 9842K [0x0000000701600000, 0x0000000800000000)
  region size 1024K, 5 young (5120K), 5 survivors (5120K)
 Metaspace       used 27201K, capacity 28040K, committed 28288K, reserved 1073152K
  class space    used 3344K, capacity 3679K, committed 3712K, reserved 1048576K
}
Event: 3.539 GC heap before
{Heap before GC invocations=6 (full 0):
 garbage-first heap   total 262144K, used 89714K [0x0000000701600000, 0x0000000800000000)
  region size 1024K, 84 young (86016K), 5 survivors (5120K)
 Metaspace       used 34671K, capacity 35721K, committed 35840K, reserved 1081344K
  class space    used 4364K, capacity 4773K, committed 4864K, reserved 1048576K
}
Event: 3.558 GC heap after
{Heap after GC invocations=7 (full 0):
 garbage-first heap   total 262144K, used 18336K [0x0000000701600000, 0x0000000800000000)
  region size 1024K, 13 young (13312K), 13 survivors (13312K)
 Metaspace       used 34671K, capacity 35721K, committed 35840K, reserved 1081344K
  class space    used 4364K, capacity 4773K, committed 4864K, reserved 1048576K
}

Deoptimization events (0 events):
No events

Classes redefined (0 events):
No events

Internal exceptions (10 events):
Event: 3.172 Thread 0x0000019638ae7800 Exception <a 'java/lang/ClassNotFoundException'{0x000000070db0af40}: org/springframework/transaction/annotation/ProxyTransactionManagementConfiguration$$EnhancerBySpringCGLIB$$25450a76Customizer> (0x000000070db0af40) thrown at [t:/workspace/open/src/hotsp
Event: 3.174 Thread 0x0000019638ae7800 Exception <a 'java/lang/ClassNotFoundException'{0x000000070db20f30}: org/springframework/context/annotation/ConfigurationClassEnhancer$EnhancedConfigurationCustomizer> (0x000000070db20f30) thrown at [t:/workspace/open/src/hotspot/share/classfile/systemDic
Event: 3.174 Thread 0x0000019638ae7800 Exception <a 'java/lang/ClassNotFoundException'{0x000000070db2bbc0}: org/springframework/beans/factory/BeanFactoryAwareCustomizer> (0x000000070db2bbc0) thrown at [t:/workspace/open/src/hotspot/share/classfile/systemDictionary.cpp, line 231]
Event: 3.175 Thread 0x0000019638ae7800 Exception <a 'java/lang/ClassNotFoundException'{0x000000070db36648}: org/springframework/beans/factory/AwareCustomizer> (0x000000070db36648) thrown at [t:/workspace/open/src/hotspot/share/classfile/systemDictionary.cpp, line 231]
Event: 3.175 Thread 0x0000019638ae7800 Exception <a 'java/lang/ClassNotFoundException'{0x000000070db41160}: org/springframework/context/annotation/ImportAwareCustomizer> (0x000000070db41160) thrown at [t:/workspace/open/src/hotspot/share/classfile/systemDictionary.cpp, line 231]
Event: 3.175 Thread 0x0000019638ae7800 Exception <a 'java/lang/ClassNotFoundException'{0x000000070db4bb08}: org/springframework/beans/factory/AwareCustomizer> (0x000000070db4bb08) thrown at [t:/workspace/open/src/hotspot/share/classfile/systemDictionary.cpp, line 231]
Event: 3.287 Thread 0x0000019638ae7800 Exception <a 'java/lang/NoSuchMethodError'{0x000000070d47d638}: java.lang.invoke.DirectMethodHandle$Holder.invokeInterface(Ljava/lang/Object;Ljava/lang/Object;I)V> (0x000000070d47d638) thrown at [t:/workspace/open/src/hotspot/share/interpreter/linkResolve
Event: 3.292 Thread 0x0000019638ae7800 Exception <a 'java/lang/NoSuchMethodError'{0x000000070d4c1858}: java.lang.invoke.DirectMethodHandle$Holder.invokeStatic(Ljava/lang/Object;ILjava/lang/Object;)V> (0x000000070d4c1858) thrown at [t:/workspace/open/src/hotspot/share/interpreter/linkResolver.c
Event: 3.294 Thread 0x0000019638ae7800 Exception <a 'java/lang/NoSuchMethodError'{0x000000070d4e4238}: java.lang.invoke.DirectMethodHandle$Holder.invokeVirtual(Ljava/lang/Object;Ljava/lang/Object;)I> (0x000000070d4e4238) thrown at [t:/workspace/open/src/hotspot/share/interpreter/linkResolver.c
Event: 3.329 Thread 0x000001965fbc1000 Exception <a 'java/lang/reflect/InvocationTargetException'{0x000000070f8cd0a8}> (0x000000070f8cd0a8) thrown at [t:/workspace/open/src/hotspot/share/runtime/reflection.cpp, line 1242]

Events (10 events):
Event: 3.569 loading class javax/servlet/ServletSecurityElement
Event: 3.569 loading class javax/servlet/ServletSecurityElement done
Event: 3.569 loading class javax/servlet/HttpConstraintElement
Event: 3.569 loading class javax/servlet/HttpConstraintElement done
Event: 3.569 loading class org/apache/catalina/AccessLog
Event: 3.569 loading class org/apache/catalina/AccessLog done
Event: 3.570 loading class org/apache/catalina/Cluster
Event: 3.570 loading class org/apache/catalina/Cluster done
Event: 3.573 loading class org/apache/catalina/util/ContextName
Event: 3.573 loading class org/apache/catalina/util/ContextName done


Dynamic libraries:
0x00007ff6fe900000 - 0x00007ff6fe947000 	C:\Program Files\Java\jdk-11.0.1\bin\java.exe
0x00007fff12420000 - 0x00007fff12601000 	C:\WINDOWS\SYSTEM32\ntdll.dll
0x00007ffed95d0000 - 0x00007ffed95e2000 	C:\Program Files\AVAST Software\Avast\aswhook.dll
0x00007fff0fcd0000 - 0x00007fff0fd81000 	C:\WINDOWS\System32\KERNEL32.DLL
0x00007fff0f190000 - 0x00007fff0f403000 	C:\WINDOWS\System32\KERNELBASE.dll
0x00007fff11a90000 - 0x00007fff11b31000 	C:\WINDOWS\System32\ADVAPI32.dll
0x00007fff12350000 - 0x00007fff123ee000 	C:\WINDOWS\System32\msvcrt.dll
0x00007fff114b0000 - 0x00007fff1150b000 	C:\WINDOWS\System32\sechost.dll
0x00007fff11960000 - 0x00007fff11a84000 	C:\WINDOWS\System32\RPCRT4.dll
0x00007fff121c0000 - 0x00007fff12350000 	C:\WINDOWS\System32\USER32.dll
0x00007fff0ef80000 - 0x00007fff0efa0000 	C:\WINDOWS\System32\win32u.dll
0x00007fff0f910000 - 0x00007fff0f938000 	C:\WINDOWS\System32\GDI32.dll
0x00007fff0f560000 - 0x00007fff0f6f2000 	C:\WINDOWS\System32\gdi32full.dll
0x00007fff0f7b0000 - 0x00007fff0f84f000 	C:\WINDOWS\System32\msvcp_win.dll
0x00007fff0f410000 - 0x00007fff0f508000 	C:\WINDOWS\System32\ucrtbase.dll
0x00007ffefd2b0000 - 0x00007ffefd519000 	C:\WINDOWS\WinSxS\amd64_microsoft.windows.common-controls_6595b64144ccf1df_6.0.17134.706_none_fb43a2cb30647007\COMCTL32.dll
0x00007fff11630000 - 0x00007fff11952000 	C:\WINDOWS\System32\combase.dll
0x00007fff0ef00000 - 0x00007fff0ef7a000 	C:\WINDOWS\System32\bcryptPrimitives.dll
0x00007fff0a740000 - 0x00007fff0a74a000 	C:\WINDOWS\SYSTEM32\VERSION.dll
0x00007fff11330000 - 0x00007fff1135d000 	C:\WINDOWS\System32\IMM32.DLL
0x00007fff05330000 - 0x00007fff05346000 	C:\Program Files\Java\jdk-11.0.1\bin\vcruntime140.dll
0x00007ffee4e40000 - 0x00007ffee4eea000 	C:\Program Files\Java\jdk-11.0.1\bin\msvcp140.dll
0x00007ffede400000 - 0x00007ffedef42000 	C:\Program Files\Java\jdk-11.0.1\bin\server\jvm.dll
0x00007fff121b0000 - 0x00007fff121b8000 	C:\WINDOWS\System32\PSAPI.DLL
0x00007fff01290000 - 0x00007fff01299000 	C:\WINDOWS\SYSTEM32\WSOCK32.dll
0x00007fff115c0000 - 0x00007fff1162c000 	C:\WINDOWS\System32\WS2_32.dll
0x00007fff0c1b0000 - 0x00007fff0c1d3000 	C:\WINDOWS\SYSTEM32\WINMM.dll
0x00007fff0c180000 - 0x00007fff0c1aa000 	C:\WINDOWS\SYSTEM32\WINMMBASE.dll
0x00007fff0f510000 - 0x00007fff0f559000 	C:\WINDOWS\System32\cfgmgr32.dll
0x00007fff0e7c0000 - 0x00007fff0e7d1000 	C:\WINDOWS\System32\kernel.appcore.dll
0x00007fff006c0000 - 0x00007fff006d1000 	C:\Program Files\Java\jdk-11.0.1\bin\verify.dll
0x00007ffefdca0000 - 0x00007ffefde69000 	C:\WINDOWS\SYSTEM32\DBGHELP.DLL
0x00007ffefdbe0000 - 0x00007ffefdc09000 	C:\WINDOWS\SYSTEM32\dbgcore.DLL
0x00007ffeffed0000 - 0x00007ffeffef9000 	C:\Program Files\Java\jdk-11.0.1\bin\java.dll
0x00007fff06f70000 - 0x00007fff06f9f000 	C:\Program Files\Java\jdk-11.0.1\bin\instrument.dll
0x00007fff006a0000 - 0x00007fff006b6000 	C:\Program Files\Java\jdk-11.0.1\bin\zip.dll
0x00007fff0a6b0000 - 0x00007fff0a6ba000 	C:\Program Files\Java\jdk-11.0.1\bin\jimage.dll
0x00007fff0fd90000 - 0x00007fff111d0000 	C:\WINDOWS\System32\SHELL32.dll
0x00007fff12100000 - 0x00007fff121a9000 	C:\WINDOWS\System32\shcore.dll
0x00007fff0e7f0000 - 0x00007fff0eefd000 	C:\WINDOWS\System32\windows.storage.dll
0x00007fff0f8b0000 - 0x00007fff0f901000 	C:\WINDOWS\System32\shlwapi.dll
0x00007fff0e7a0000 - 0x00007fff0e7bf000 	C:\WINDOWS\System32\profapi.dll
0x00007fff0e730000 - 0x00007fff0e77c000 	C:\WINDOWS\System32\powrprof.dll
0x00007fff0e7e0000 - 0x00007fff0e7ea000 	C:\WINDOWS\System32\FLTLIB.DLL
0x00007ffeffeb0000 - 0x00007ffeffec9000 	C:\Program Files\Java\jdk-11.0.1\bin\net.dll
0x00007fff044d0000 - 0x00007fff045ad000 	C:\WINDOWS\SYSTEM32\WINHTTP.dll
0x00007fff0dfb0000 - 0x00007fff0e016000 	C:\WINDOWS\system32\mswsock.dll
0x00007ffeffe90000 - 0x00007ffeffea3000 	C:\Program Files\Java\jdk-11.0.1\bin\nio.dll
0x00007fff0a6c0000 - 0x00007fff0a6da000 	G:\IntelliJ IDEA 2018.2.2\bin\breakgen64.dll
0x00007fff06f60000 - 0x00007fff06f69000 	C:\Program Files\Java\jdk-11.0.1\bin\management.dll
0x00007fff06c90000 - 0x00007fff06c9c000 	C:\Program Files\Java\jdk-11.0.1\bin\management_ext.dll
0x00007ffee3a00000 - 0x00007ffee3a16000 	C:\WINDOWS\system32\napinsp.dll
0x00007ffee39e0000 - 0x00007ffee39fa000 	C:\WINDOWS\system32\pnrpnsp.dll
0x00007fff0ae40000 - 0x00007fff0ae59000 	C:\WINDOWS\system32\NLAapi.dll
0x00007fff0dd80000 - 0x00007fff0de3e000 	C:\WINDOWS\SYSTEM32\DNSAPI.dll
0x00007fff0f9a0000 - 0x00007fff0f9a8000 	C:\WINDOWS\System32\NSI.dll
0x00007fff0dd30000 - 0x00007fff0dd68000 	C:\WINDOWS\SYSTEM32\IPHLPAPI.DLL
0x00007ffee39d0000 - 0x00007ffee39de000 	C:\WINDOWS\System32\winrnr.dll
0x00007fff01540000 - 0x00007fff0154a000 	C:\Windows\System32\rasadhlp.dll
0x00007fff04450000 - 0x00007fff044c2000 	C:\WINDOWS\System32\fwpuclnt.dll
0x00007fff0e290000 - 0x00007fff0e2b5000 	C:\WINDOWS\SYSTEM32\bcrypt.dll
0x00007fff0e160000 - 0x00007fff0e177000 	C:\WINDOWS\SYSTEM32\CRYPTSP.dll
0x00007fff0db90000 - 0x00007fff0dbc3000 	C:\WINDOWS\system32\rsaenh.dll
0x00007fff0e660000 - 0x00007fff0e688000 	C:\WINDOWS\SYSTEM32\USERENV.dll
0x00007fff0e180000 - 0x00007fff0e18b000 	C:\WINDOWS\SYSTEM32\CRYPTBASE.dll
0x00007fff0a360000 - 0x00007fff0a376000 	C:\WINDOWS\SYSTEM32\dhcpcsvc6.DLL
0x00007fff0a340000 - 0x00007fff0a35a000 	C:\WINDOWS\SYSTEM32\dhcpcsvc.DLL

dbghelp: loaded successfully - version: 4.0.5 - missing functions: none
symbol engine: initialized successfully - sym options: 0x614 - pdb path: .;C:\Program Files\Java\jdk-11.0.1\bin;C:\WINDOWS\SYSTEM32;C:\Program Files\AVAST Software\Avast;C:\WINDOWS\WinSxS\amd64_microsoft.windows.common-controls_6595b64144ccf1df_6.0.17134.706_none_fb43a2cb30647007;C:\Program Files\Java\jdk-11.0.1\bin\server;G:\IntelliJ IDEA 2018.2.2\bin

VM Arguments:
jvm_args: -XX:TieredStopAtLevel=1 -Xverify:none -Dspring.output.ansi.enabled=always -Dcom.sun.management.jmxremote -Dcom.sun.management.jmxremote.port=49561 -Dcom.sun.management.jmxremote.authenticate=false -Dcom.sun.management.jmxremote.ssl=false -Djava.rmi.server.hostname=localhost -Dspring.liveBeansView.mbeanDomain -Dspring.application.admin.enabled=true -javaagent:G:\IntelliJ IDEA 2018.2.2\lib\idea_rt.jar=49562:G:\IntelliJ IDEA 2018.2.2\bin -Dfile.encoding=UTF-8 
java_command: keaproject.demo.BlogApplication
java_class_path (initial): C:\Users\Peter\IdeaProjects\BlogApp\target\classes;C:\Users\Peter\.m2\repository\mysql\mysql-connector-java\6.0.6\mysql-connector-java-6.0.6.jar;C:\Users\Peter\.m2\repository\org\springframework\boot\spring-boot-starter-thymeleaf\2.1.4.RELEASE\spring-boot-starter-thymeleaf-2.1.4.RELEASE.jar;C:\Users\Peter\.m2\repository\org\springframework\boot\spring-boot-starter\2.1.4.RELEASE\spring-boot-starter-2.1.4.RELEASE.jar;C:\Users\Peter\.m2\repository\org\springframework\boot\spring-boot\2.1.4.RELEASE\spring-boot-2.1.4.RELEASE.jar;C:\Users\Peter\.m2\repository\org\springframework\boot\spring-boot-autoconfigure\2.1.4.RELEASE\spring-boot-autoconfigure-2.1.4.RELEASE.jar;C:\Users\Peter\.m2\repository\org\springframework\boot\spring-boot-starter-logging\2.1.4.RELEASE\spring-boot-starter-logging-2.1.4.RELEASE.jar;C:\Users\Peter\.m2\repository\ch\qos\logback\logback-classic\1.2.3\logback-classic-1.2.3.jar;C:\Users\Peter\.m2\repository\ch\qos\logback\logback-core\1.2.3\logback-core-1.2.3.jar;C:\Users\Peter\.m2\repository\org\apache\logging\log4j\log4j-to-slf4j\2.11.2\log4j-to-slf4j-2.11.2.jar;C:\Users\Peter\.m2\repository\org\apache\logging\log4j\log4j-api\2.11.2\log4j-api-2.11.2.jar;C:\Users\Peter\.m2\repository\org\slf4j\jul-to-slf4j\1.7.26\jul-to-slf4j-1.7.26.jar;C:\Users\Peter\.m2\repository\javax\annotation\javax.annotation-api\1.3.2\javax.annotation-api-1.3.2.jar;C:\Users\Peter\.m2\repository\org\yaml\snakeyaml\1.23\snakeyaml-1.23.jar;C:\Users\Peter\.m2\repository\org\thymeleaf\thymeleaf-spring5\3.0.11.RELEASE\thymeleaf-spring5-3.0.11.RELEASE.jar;C:\Users\Peter\.m2\repository\org\thymeleaf\thymeleaf\3.0.11.RELEASE\thymeleaf-3.0.11.RELEASE.jar;C:\Users\Peter\.m2\repository\org\attoparser\attoparser\2.0.5.RELEASE\attoparser-2.0.5.RELEASE.jar;C:\Users\Peter\.m2\repository\org\unbescape\unbescape\1.1.6.RELEASE\unbescape-1.1.6.RELEASE.jar;C:\Users\Peter\.m2\repository\org\thymeleaf\extras\thymeleaf-extras-java8time\3.0.4.RELEASE\thymeleaf-extras-java8
Launcher Type: SUN_STANDARD

[Global flags]
     bool BytecodeVerificationLocal                = false                                     {product} {command line}
     bool BytecodeVerificationRemote               = false                                     {product} {command line}
     intx CICompilerCount                          = 3                                         {product} {ergonomic}
     uint ConcGCThreads                            = 1                                         {product} {ergonomic}
     uint G1ConcRefinementThreads                  = 4                                         {product} {ergonomic}
   size_t G1HeapRegionSize                         = 1048576                                   {product} {ergonomic}
    uintx GCDrainStackTargetSize                   = 64                                        {product} {ergonomic}
   size_t InitialHeapSize                          = 268435456                                 {product} {ergonomic}
     bool ManagementServer                         = true                                      {product} {command line}
   size_t MarkStackSize                            = 4194304                                   {product} {ergonomic}
   size_t MaxHeapSize                              = 4271898624                                {product} {ergonomic}
   size_t MaxNewSize                               = 2562719744                                {product} {ergonomic}
   size_t MinHeapDeltaBytes                        = 1048576                                   {product} {ergonomic}
    uintx NonNMethodCodeHeapSize                   = 6973028                                {pd product} {ergonomic}
    uintx NonProfiledCodeHeapSize                  = 244685212                              {pd product} {ergonomic}
    uintx ProfiledCodeHeapSize                     = 0                                      {pd product} {ergonomic}
    uintx ReservedCodeCacheSize                    = 251658240                              {pd product} {ergonomic}
     bool SegmentedCodeCache                       = true                                      {product} {ergonomic}
     intx TieredStopAtLevel                        = 1                                         {product} {command line}
     bool UseCompressedClassPointers               = true                                 {lp64_product} {ergonomic}
     bool UseCompressedOops                        = true                                 {lp64_product} {ergonomic}
     bool UseG1GC                                  = true                                      {product} {ergonomic}
     bool UseLargePagesIndividualAllocation        = false                                  {pd product} {ergonomic}

Logging:
Log output configuration:
 #0: stdout all=warning uptime,level,tags
 #1: stderr all=off uptime,level,tags

Environment Variables:
PATH=C:\Program Files (x86)\Common Files\Oracle\Java\javapath;F:\Komodo\;C:\Windows\system32;C:\Windows;C:\Windows\System32\Wbem;C:\Windows\System32\WindowsPowerShell\v1.0\;C:\Program Files (x86)\NVIDIA Corporation\PhysX\Common;C:\Users\Peter\.dnx\bin;C:\Program Files\Microsoft DNX\Dnvm\;C:\Program Files\Microsoft SQL Server\130\Tools\Binn\;C:\WINDOWS\system32;C:\WINDOWS;C:\WINDOWS\System32\Wbem;C:\WINDOWS\System32\WindowsPowerShell\v1.0\;C:\Program Files (x86)\GtkSharp\2.12\bin;C:\WINDOWS\System32\OpenSSH\;F:\Putty\;C:\Program Files\NVIDIA Corporation\NVIDIA NvDLISR;F:\Git\cmd;C:\Users\Peter\AppData\Local\Microsoft\WindowsApps;
USERNAME=Peter
OS=Windows_NT
PROCESSOR_IDENTIFIER=Intel64 Family 6 Model 42 Stepping 7, GenuineIntel



---------------  S Y S T E M  ---------------

OS: Windows 10 , 64 bit Build 17134 (10.0.17134.706)

CPU:total 4 (initial active 4) (4 cores per cpu, 1 threads per core) family 6 model 42 stepping 7, cmov, cx8, fxsr, mmx, sse, sse2, sse3, ssse3, sse4.1, sse4.2, popcnt, avx, aes, clmul, tsc, tscinvbit

Memory: 4k page, system-wide physical 16295M (8609M free)
TotalPageFile size 22695M (AvailPageFile size 11391M)
current process WorkingSet (physical memory assigned to process): 198M, peak: 198M
current process commit charge ("private bytes"): 386M, peak: 386M

vm_info: Java HotSpot(TM) 64-Bit Server VM (11.0.1+13-LTS) for windows-amd64 JRE (11.0.1+13-LTS), built on Oct  6 2018 13:20:16 by "mach5one" with MS VC++ 15.5 (VS2017)

END.
